This is pdfTeX, Version 3.14159265-2.6-1.40.16 (TeX Live 2015/Debian) (preloaded format=pdflatex 2018.11.3)  28 JAN 2020 22:37
entering extended mode
 restricted \write18 enabled.
 file:line:error style messages enabled.
 %&-line parsing enabled.
**"/home/alimi/Escritorio/analisis de datos/proyecto 1/proyectoI.tex"
(/home/alimi/Escritorio/analisis de datos/proyecto 1/proyectoI.tex
LaTeX2e <2016/02/01>
Babel <3.9q> and hyphenation patterns for 81 language(s) loaded.
(/usr/share/texlive/texmf-dist/tex/latex/base/article.cls
Document Class: article 2014/09/29 v1.4h Standard LaTeX document class
(/usr/share/texlive/texmf-dist/tex/latex/base/size10.clo
File: size10.clo 2014/09/29 v1.4h Standard LaTeX file (size option)
)
\c@part=\count79
\c@section=\count80
\c@subsection=\count81
\c@subsubsection=\count82
\c@paragraph=\count83
\c@subparagraph=\count84
\c@figure=\count85
\c@table=\count86
\abovecaptionskip=\skip41
\belowcaptionskip=\skip42
\bibindent=\dimen102
) (/usr/share/texlive/texmf-dist/tex/latex/graphics/graphicx.sty
Package: graphicx 2014/10/28 v1.0g Enhanced LaTeX Graphics (DPC,SPQR)
 (/usr/share/texlive/texmf-dist/tex/latex/graphics/keyval.sty
Package: keyval 2014/10/28 v1.15 key=value parser (DPC)
\KV@toks@=\toks14
) (/usr/share/texlive/texmf-dist/tex/latex/graphics/graphics.sty
Package: graphics 2016/01/03 v1.0q Standard LaTeX Graphics (DPC,SPQR)
 (/usr/share/texlive/texmf-dist/tex/latex/graphics/trig.sty
Package: trig 2016/01/03 v1.10 sin cos tan (DPC)
) (/usr/share/texlive/texmf-dist/tex/latex/latexconfig/graphics.cfg
File: graphics.cfg 2010/04/23 v1.9 graphics configuration of TeX Live
)
Package graphics Info: Driver file: pdftex.def on input line 95.
 (/usr/share/texlive/texmf-dist/tex/latex/pdftex-def/pdftex.def
File: pdftex.def 2011/05/27 v0.06d Graphics/color for pdfTeX
 (/usr/share/texlive/texmf-dist/tex/generic/oberdiek/infwarerr.sty
Package: infwarerr 2010/04/08 v1.3 Providing info/warning/error messages (HO)
) (/usr/share/texlive/texmf-dist/tex/generic/oberdiek/ltxcmds.sty
Package: ltxcmds 2011/11/09 v1.22 LaTeX kernel commands for general use (HO)
)
\Gread@gobject=\count87
))
\Gin@req@height=\dimen103
\Gin@req@width=\dimen104
) (/usr/share/texlive/texmf-dist/tex/latex/base/fontenc.sty
Package: fontenc 2005/09/27 v1.99g Standard LaTeX package
 (/usr/share/texlive/texmf-dist/tex/latex/base/t1enc.def
File: t1enc.def 2005/09/27 v1.99g Standard LaTeX file
LaTeX Font Info:    Redeclaring font encoding T1 on input line 48.
)) (/usr/share/texlive/texmf-dist/tex/latex/amsmath/amsmath.sty
Package: amsmath 2016/03/03 v2.15a AMS math features
\@mathmargin=\skip43

For additional information on amsmath, use the `?' option.
(/usr/share/texlive/texmf-dist/tex/latex/amsmath/amstext.sty
Package: amstext 2000/06/29 v2.01 AMS text
 (/usr/share/texlive/texmf-dist/tex/latex/amsmath/amsgen.sty
File: amsgen.sty 1999/11/30 v2.0 generic functions
\@emptytoks=\toks15
\ex@=\dimen105
)) (/usr/share/texlive/texmf-dist/tex/latex/amsmath/amsbsy.sty
Package: amsbsy 1999/11/29 v1.2d Bold Symbols
\pmbraise@=\dimen106
) (/usr/share/texlive/texmf-dist/tex/latex/amsmath/amsopn.sty
Package: amsopn 1999/12/14 v2.01 operator names
)
\inf@bad=\count88
LaTeX Info: Redefining \frac on input line 199.
\uproot@=\count89
\leftroot@=\count90
LaTeX Info: Redefining \overline on input line 297.
\classnum@=\count91
\DOTSCASE@=\count92
LaTeX Info: Redefining \ldots on input line 394.
LaTeX Info: Redefining \dots on input line 397.
LaTeX Info: Redefining \cdots on input line 518.
\Mathstrutbox@=\box26
\strutbox@=\box27
\big@size=\dimen107
LaTeX Font Info:    Redeclaring font encoding OML on input line 630.
LaTeX Font Info:    Redeclaring font encoding OMS on input line 631.
\macc@depth=\count93
\c@MaxMatrixCols=\count94
\dotsspace@=\muskip10
\c@parentequation=\count95
\dspbrk@lvl=\count96
\tag@help=\toks16
\row@=\count97
\column@=\count98
\maxfields@=\count99
\andhelp@=\toks17
\eqnshift@=\dimen108
\alignsep@=\dimen109
\tagshift@=\dimen110
\tagwidth@=\dimen111
\totwidth@=\dimen112
\lineht@=\dimen113
\@envbody=\toks18
\multlinegap=\skip44
\multlinetaggap=\skip45
\mathdisplay@stack=\toks19
LaTeX Info: Redefining \[ on input line 2735.
LaTeX Info: Redefining \] on input line 2736.
) (/usr/share/texlive/texmf-dist/tex/latex/amsfonts/amssymb.sty
Package: amssymb 2013/01/14 v3.01 AMS font symbols
 (/usr/share/texlive/texmf-dist/tex/latex/amsfonts/amsfonts.sty
Package: amsfonts 2013/01/14 v3.01 Basic AMSFonts support
\symAMSa=\mathgroup4
\symAMSb=\mathgroup5
LaTeX Font Info:    Overwriting math alphabet `\mathfrak' in version `bold'
(Font)                  U/euf/m/n --> U/euf/b/n on input line 106.
)) (/usr/share/texlive/texmf-dist/tex/latex/base/latexsym.sty
Package: latexsym 1998/08/17 v2.2e Standard LaTeX package (lasy symbols)
\symlasy=\mathgroup6
LaTeX Font Info:    Overwriting symbol font `lasy' in version `bold'
(Font)                  U/lasy/m/n --> U/lasy/b/n on input line 52.
) (/usr/share/texlive/texmf-dist/tex/latex/enumitem/enumitem.sty
Package: enumitem 2011/09/28 v3.5.2 Customized lists
\labelindent=\skip46
\enit@outerparindent=\dimen114
\enit@toks=\toks20
\enit@inbox=\box28
\enitdp@description=\count100
) (/usr/share/texlive/texmf-dist/tex/latex/esvect/esvect.sty
Package: esvect 
\symesvector=\mathgroup7
) (/usr/share/texlive/texmf-dist/tex/latex/mathtools/mathtools.sty
Package: mathtools 2015/11/12 v1.18 mathematical typesetting tools
 (/usr/share/texlive/texmf-dist/tex/latex/tools/calc.sty
Package: calc 2014/10/28 v4.3 Infix arithmetic (KKT,FJ)
\calc@Acount=\count101
\calc@Bcount=\count102
\calc@Adimen=\dimen115
\calc@Bdimen=\dimen116
\calc@Askip=\skip47
\calc@Bskip=\skip48
LaTeX Info: Redefining \setlength on input line 80.
LaTeX Info: Redefining \addtolength on input line 81.
\calc@Ccount=\count103
\calc@Cskip=\skip49
) (/usr/share/texlive/texmf-dist/tex/latex/mathtools/mhsetup.sty
Package: mhsetup 2010/01/21 v1.2a programming setup (MH)
)
LaTeX Info: Thecontrolsequence`\('isalreadyrobust on input line 129.
LaTeX Info: Thecontrolsequence`\)'isalreadyrobust on input line 129.
LaTeX Info: Thecontrolsequence`\['isalreadyrobust on input line 129.
LaTeX Info: Thecontrolsequence`\]'isalreadyrobust on input line 129.
\g_MT_multlinerow_int=\count104
\l_MT_multwidth_dim=\dimen117
\origjot=\skip50
\l_MT_shortvdotswithinadjustabove_dim=\dimen118
\l_MT_shortvdotswithinadjustbelow_dim=\dimen119
\l_MT_above_intertext_sep=\dimen120
\l_MT_below_intertext_sep=\dimen121
\l_MT_above_shortintertext_sep=\dimen122
\l_MT_below_shortintertext_sep=\dimen123
) (/usr/share/texlive/texmf-dist/tex/latex/geometry/geometry.sty
Package: geometry 2010/09/12 v5.6 Page Geometry
 (/usr/share/texlive/texmf-dist/tex/generic/oberdiek/ifpdf.sty
Package: ifpdf 2011/01/30 v2.3 Provides the ifpdf switch (HO)
Package ifpdf Info: pdfTeX in PDF mode is detected.
) (/usr/share/texlive/texmf-dist/tex/generic/oberdiek/ifvtex.sty
Package: ifvtex 2010/03/01 v1.5 Detect VTeX and its facilities (HO)
Package ifvtex Info: VTeX not detected.
) (/usr/share/texlive/texmf-dist/tex/generic/ifxetex/ifxetex.sty
Package: ifxetex 2010/09/12 v0.6 Provides ifxetex conditional
)
\Gm@cnth=\count105
\Gm@cntv=\count106
\c@Gm@tempcnt=\count107
\Gm@bindingoffset=\dimen124
\Gm@wd@mp=\dimen125
\Gm@odd@mp=\dimen126
\Gm@even@mp=\dimen127
\Gm@layoutwidth=\dimen128
\Gm@layoutheight=\dimen129
\Gm@layouthoffset=\dimen130
\Gm@layoutvoffset=\dimen131
\Gm@dimlist=\toks21
) (/usr/share/texlive/texmf-dist/tex/latex/float/float.sty
Package: float 2001/11/08 v1.3d Float enhancements (AL)
\c@float@type=\count108
\float@exts=\toks22
\float@box=\box29
\@float@everytoks=\toks23
\@floatcapt=\box30
) (/usr/share/texlive/texmf-dist/tex/latex/tools/xspace.sty
Package: xspace 2014/10/28 v1.13 Space after command names (DPC,MH)
) (/usr/share/texlive/texmf-dist/tex/latex/graphics/color.sty
Package: color 2016/01/03 v1.1b Standard LaTeX Color (DPC)
 (/usr/share/texlive/texmf-dist/tex/latex/latexconfig/color.cfg
File: color.cfg 2007/01/18 v1.5 color configuration of teTeX/TeXLive
)
Package color Info: Driver file: pdftex.def on input line 143.
) (/usr/share/texlive/texmf-dist/tex/latex/url/url.sty
\Urlmuskip=\muskip11
Package: url 2013/09/16  ver 3.4  Verb mode for urls, etc.
) (/usr/share/texlive/texmf-dist/tex/latex/listings/listings.sty
\lst@mode=\count109
\lst@gtempboxa=\box31
\lst@token=\toks24
\lst@length=\count110
\lst@currlwidth=\dimen132
\lst@column=\count111
\lst@pos=\count112
\lst@lostspace=\dimen133
\lst@width=\dimen134
\lst@newlines=\count113
\lst@lineno=\count114
\lst@maxwidth=\dimen135
 (/usr/share/texlive/texmf-dist/tex/latex/listings/lstmisc.sty
File: lstmisc.sty 2015/06/04 1.6 (Carsten Heinz)
\c@lstnumber=\count115
\lst@skipnumbers=\count116
\lst@framebox=\box32
) (/usr/share/texlive/texmf-dist/tex/latex/listings/listings.cfg
File: listings.cfg 2015/06/04 1.6 listings configuration
))
Package: listings 2015/06/04 1.6 (Carsten Heinz)
 (/usr/share/texlive/texmf-dist/tex/latex/listings/lstlang1.sty
File: lstlang1.sty 2015/06/04 1.6 listings language file
) (/usr/share/texlive/texmf-dist/tex/latex/listings/lstlang2.sty
File: lstlang2.sty 2015/06/04 1.6 listings language file
) (/usr/share/texlive/texmf-dist/tex/latex/listings/lstlang3.sty
File: lstlang3.sty 2015/06/04 1.6 listings language file
) (/home/alimi/Escritorio/analisis de datos/proyecto 1/proyectoI.aux

LaTeX Warning: Label `fig:minipage1' multiply defined.


LaTeX Warning: Label `fig:minipage1' multiply defined.


LaTeX Warning: Label `fig:minipage1' multiply defined.


LaTeX Warning: Label `fig:minipage1' multiply defined.


LaTeX Warning: Label `fig:minipage1' multiply defined.


LaTeX Warning: Label `fig:minipage2' multiply defined.


LaTeX Warning: Label `fig:minipage1' multiply defined.


LaTeX Warning: Label `fig:minipage2' multiply defined.


LaTeX Warning: Label `fig:minipage1' multiply defined.


LaTeX Warning: Label `fig:minipage2' multiply defined.


LaTeX Warning: Label `fig:minipage1' multiply defined.


LaTeX Warning: Label `fig:minipage2' multiply defined.


LaTeX Warning: Label `fig:minipage1' multiply defined.


LaTeX Warning: Label `fig:minipage2' multiply defined.


LaTeX Warning: Label `fig:minipage1' multiply defined.


LaTeX Warning: Label `fig:minipage2' multiply defined.


LaTeX Warning: Label `fig:minipage1' multiply defined.


LaTeX Warning: Label `fig:minipage2' multiply defined.


LaTeX Warning: Label `fig:minipage1' multiply defined.


LaTeX Warning: Label `fig:minipage1' multiply defined.


LaTeX Warning: Label `fig:minipage1' multiply defined.


LaTeX Warning: Label `fig:minipage2' multiply defined.


LaTeX Warning: Label `fig:minipage1' multiply defined.


LaTeX Warning: Label `fig:minipage2' multiply defined.


LaTeX Warning: Label `fig:minipage1' multiply defined.


LaTeX Warning: Label `fig:minipage2' multiply defined.

)
\openout1 = `proyectoI.aux'.

LaTeX Font Info:    Checking defaults for OML/cmm/m/it on input line 33.
LaTeX Font Info:    ... okay on input line 33.
LaTeX Font Info:    Checking defaults for T1/cmr/m/n on input line 33.
LaTeX Font Info:    ... okay on input line 33.
LaTeX Font Info:    Checking defaults for OT1/cmr/m/n on input line 33.
LaTeX Font Info:    ... okay on input line 33.
LaTeX Font Info:    Checking defaults for OMS/cmsy/m/n on input line 33.
LaTeX Font Info:    ... okay on input line 33.
LaTeX Font Info:    Checking defaults for OMX/cmex/m/n on input line 33.
LaTeX Font Info:    ... okay on input line 33.
LaTeX Font Info:    Checking defaults for U/cmr/m/n on input line 33.
LaTeX Font Info:    ... okay on input line 33.
 (/usr/share/texlive/texmf-dist/tex/context/base/supp-pdf.mkii
[Loading MPS to PDF converter (version 2006.09.02).]
\scratchcounter=\count117
\scratchdimen=\dimen136
\scratchbox=\box33
\nofMPsegments=\count118
\nofMParguments=\count119
\everyMPshowfont=\toks25
\MPscratchCnt=\count120
\MPscratchDim=\dimen137
\MPnumerator=\count121
\makeMPintoPDFobject=\count122
\everyMPtoPDFconversion=\toks26
) (/usr/share/texlive/texmf-dist/tex/generic/oberdiek/pdftexcmds.sty
Package: pdftexcmds 2011/11/29 v0.20 Utility functions of pdfTeX for LuaTeX (HO)
 (/usr/share/texlive/texmf-dist/tex/generic/oberdiek/ifluatex.sty
Package: ifluatex 2010/03/01 v1.3 Provides the ifluatex switch (HO)
Package ifluatex Info: LuaTeX not detected.
)
Package pdftexcmds Info: LuaTeX not detected.
Package pdftexcmds Info: \pdf@primitive is available.
Package pdftexcmds Info: \pdf@ifprimitive is available.
Package pdftexcmds Info: \pdfdraftmode found.
) (/usr/share/texlive/texmf-dist/tex/latex/oberdiek/epstopdf-base.sty
Package: epstopdf-base 2010/02/09 v2.5 Base part for package epstopdf
 (/usr/share/texlive/texmf-dist/tex/latex/oberdiek/grfext.sty
Package: grfext 2010/08/19 v1.1 Manage graphics extensions (HO)
 (/usr/share/texlive/texmf-dist/tex/generic/oberdiek/kvdefinekeys.sty
Package: kvdefinekeys 2011/04/07 v1.3 Define keys (HO)
)) (/usr/share/texlive/texmf-dist/tex/latex/oberdiek/kvoptions.sty
Package: kvoptions 2011/06/30 v3.11 Key value format for package options (HO)
 (/usr/share/texlive/texmf-dist/tex/generic/oberdiek/kvsetkeys.sty
Package: kvsetkeys 2012/04/25 v1.16 Key value parser (HO)
 (/usr/share/texlive/texmf-dist/tex/generic/oberdiek/etexcmds.sty
Package: etexcmds 2011/02/16 v1.5 Avoid name clashes with e-TeX commands (HO)
Package etexcmds Info: Could not find \expanded.
(etexcmds)             That can mean that you are not using pdfTeX 1.50 or
(etexcmds)             that some package has redefined \expanded.
(etexcmds)             In the latter case, load this package earlier.
)))
Package grfext Info: Graphics extension search list:
(grfext)             [.png,.pdf,.jpg,.mps,.jpeg,.jbig2,.jb2,.PNG,.PDF,.JPG,.JPEG,.JBIG2,.JB2,.eps]
(grfext)             \AppendGraphicsExtensions on input line 452.
 (/usr/share/texlive/texmf-dist/tex/latex/latexconfig/epstopdf-sys.cfg
File: epstopdf-sys.cfg 2010/07/13 v1.3 Configuration of (r)epstopdf for TeX Live
))
*geometry* driver: auto-detecting
*geometry* detected driver: pdftex
*geometry* verbose mode - [ preamble ] result:
* driver: pdftex
* paper: a4paper
* layout: <same size as paper>
* layoutoffset:(h,v)=(0.0pt,0.0pt)
* modes: 
* h-part:(L,W,R)=(56.9055pt, 483.69687pt, 56.9055pt)
* v-part:(T,H,B)=(56.9055pt, 731.23584pt, 56.9055pt)
* \paperwidth=597.50787pt
* \paperheight=845.04684pt
* \textwidth=483.69687pt
* \textheight=731.23584pt
* \oddsidemargin=-15.36449pt
* \evensidemargin=-15.36449pt
* \topmargin=-15.36449pt
* \headheight=0.0pt
* \headsep=0.0pt
* \topskip=10.0pt
* \footskip=0.0pt
* \marginparwidth=65.0pt
* \marginparsep=11.0pt
* \columnsep=10.0pt
* \skip\footins=9.0pt plus 4.0pt minus 2.0pt
* \hoffset=0.0pt
* \voffset=0.0pt
* \mag=1000
* \@twocolumnfalse
* \@twosidefalse
* \@mparswitchfalse
* \@reversemarginfalse
* (1in=72.27pt=25.4mm, 1cm=28.453pt)

\c@lstlisting=\count123
Package epstopdf Info: Source file: <Images/usblogo.eps>
(epstopdf)                    date: 2019-10-05 16:21:30
(epstopdf)                    size: 43033 bytes
(epstopdf)             Output file: <Images/usblogo-eps-converted-to.pdf>
(epstopdf)                    date: 2020-01-25 06:48:13
(epstopdf)                    size: 7878 bytes
(epstopdf)             Command: <repstopdf --outfile=Images/usblogo-eps-converted-to.pdf Images/usblogo.eps>
(epstopdf)             \includegraphics on input line 34.
Package epstopdf Info: Output file is already uptodate.


pdfTeX warning: pdflatex (file /home/alimi/Escritorio/analisis de datos/proyecto 1/Images/usblogo-eps-converted-to.pdf): PDF inclusion: found PDF version <1.7>, but at most version <1.5> allowed
<Images/usblogo-eps-converted-to.pdf, id=1, 408.10466pt x 263.02266pt>
File: Images/usblogo-eps-converted-to.pdf Graphic file (type pdf)
 <use Images/usblogo-eps-converted-to.pdf>
Package pdftex.def Info: Images/usblogo-eps-converted-to.pdf used on input line 34.
(pdftex.def)             Requested size: 85.35826pt x 55.01163pt.
LaTeX Font Info:    Try loading font information for U+msa on input line 34.
 (/usr/share/texlive/texmf-dist/tex/latex/amsfonts/umsa.fd
File: umsa.fd 2013/01/14 v3.01 AMS symbols A
)
LaTeX Font Info:    Try loading font information for U+msb on input line 34.
 (/usr/share/texlive/texmf-dist/tex/latex/amsfonts/umsb.fd
File: umsb.fd 2013/01/14 v3.01 AMS symbols B
)
LaTeX Font Info:    Try loading font information for U+lasy on input line 34.
 (/usr/share/texlive/texmf-dist/tex/latex/base/ulasy.fd
File: ulasy.fd 1998/08/17 v2.2e LaTeX symbol font definitions
)
LaTeX Font Info:    Try loading font information for U+esvect on input line 34.
 (/usr/share/texlive/texmf-dist/tex/latex/esvect/uesvect.fd
File: uesvect.fd 
)
Overfull \hbox (321.51619pt too wide) in paragraph at lines 34--43
[]$[]$$[]$$[]$
 []

Package epstopdf Info: Source file: <Output/Plots/1_Representaciondelsalonporrazaetnica.eps>
(epstopdf)                    date: 2020-01-26 15:49:34
(epstopdf)                    size: 4642 bytes
(epstopdf)             Output file: <Output/Plots/1_Representaciondelsalonporrazaetnica-eps-converted-to.pdf>
(epstopdf)                    date: 2020-01-26 15:49:47
(epstopdf)                    size: 11575 bytes
(epstopdf)             Command: <repstopdf --outfile=Output/Plots/1_Representaciondelsalonporrazaetnica-eps-converted-to.pdf Output/Plots/1_Representaciondelsalonporrazaetnica.eps>
(epstopdf)             \includegraphics on input line 49.
Package epstopdf Info: Output file is already uptodate.


pdfTeX warning: pdflatex (file /home/alimi/Escritorio/analisis de datos/proyecto 1/Output/Plots/1_Representaciondelsalonporrazaetnica-eps-converted-to.pdf): PDF inclusion: found PDF version <1.7>, but at most version <1.5> allowed
<Output/Plots/1_Representaciondelsalonporrazaetnica-eps-converted-to.pdf, id=2, 602.25pt x 360.34625pt>
File: Output/Plots/1_Representaciondelsalonporrazaetnica-eps-converted-to.pdf Graphic file (type pdf)
 <use Output/Plots/1_Representaciondelsalonporrazaetnica-eps-converted-to.pdf>
Package pdftex.def Info: Output/Plots/1_Representaciondelsalonporrazaetnica-eps-converted-to.pdf used on input line 49.
(pdftex.def)             Requested size: 481.80064pt x 288.27739pt.
Package epstopdf Info: Source file: <Output/Plots/2Mathgrupos.eps>
(epstopdf)                    date: 2020-01-26 16:20:28
(epstopdf)                    size: 6691 bytes
(epstopdf)             Output file: <Output/Plots/2Mathgrupos-eps-converted-to.pdf>
(epstopdf)                    date: 2020-01-26 17:26:47
(epstopdf)                    size: 11617 bytes
(epstopdf)             Command: <repstopdf --outfile=Output/Plots/2Mathgrupos-eps-converted-to.pdf Output/Plots/2Mathgrupos.eps>
(epstopdf)             \includegraphics on input line 60.
Package epstopdf Info: Output file is already uptodate.


pdfTeX warning: pdflatex (file /home/alimi/Escritorio/analisis de datos/proyecto 1/Output/Plots/2Mathgrupos-eps-converted-to.pdf): PDF inclusion: found PDF version <1.7>, but at most version <1.5> allowed
<Output/Plots/2Mathgrupos-eps-converted-to.pdf, id=3, 479.7925pt x 288.07625pt>
File: Output/Plots/2Mathgrupos-eps-converted-to.pdf Graphic file (type pdf)
 <use Output/Plots/2Mathgrupos-eps-converted-to.pdf>
Package pdftex.def Info: Output/Plots/2Mathgrupos-eps-converted-to.pdf used on input line 60.
(pdftex.def)             Requested size: 383.8345pt x 230.4613pt.
Package epstopdf Info: Source file: <Output/Plots/Writtinggrupos.eps>
(epstopdf)                    date: 2020-01-26 16:20:52
(epstopdf)                    size: 6461 bytes
(epstopdf)             Output file: <Output/Plots/Writtinggrupos-eps-converted-to.pdf>
(epstopdf)                    date: 2020-01-26 16:21:49
(epstopdf)                    size: 11221 bytes
(epstopdf)             Command: <repstopdf --outfile=Output/Plots/Writtinggrupos-eps-converted-to.pdf Output/Plots/Writtinggrupos.eps>
(epstopdf)             \includegraphics on input line 69.
Package epstopdf Info: Output file is already uptodate.


pdfTeX warning: pdflatex (file /home/alimi/Escritorio/analisis de datos/proyecto 1/Output/Plots/Writtinggrupos-eps-converted-to.pdf): PDF inclusion: found PDF version <1.7>, but at most version <1.5> allowed
<Output/Plots/Writtinggrupos-eps-converted-to.pdf, id=4, 479.7925pt x 288.07625pt>
File: Output/Plots/Writtinggrupos-eps-converted-to.pdf Graphic file (type pdf)
 <use Output/Plots/Writtinggrupos-eps-converted-to.pdf>
Package pdftex.def Info: Output/Plots/Writtinggrupos-eps-converted-to.pdf used on input line 69.
(pdftex.def)             Requested size: 383.8345pt x 230.4613pt.
 [1

{/var/lib/texmf/fonts/map/pdftex/updmap/pdftex.map} </home/alimi/Escritorio/analisis de datos/proyecto 1/Images/usblogo-eps-converted-to.pdf> </home/alimi/Escritorio/analisis de datos/proyecto 1/Output/Plots/1_Representaciondelsalonporrazaetnica-eps-converted-to.pdf> </home/alimi/Escritorio/analisis de datos/proyecto 1/Output/Plots/2Mathgrupos-eps-converted-to.pdf>]
Package epstopdf Info: Source file: <Output/Plots/Readinggrupos.eps>
(epstopdf)                    date: 2020-01-26 16:21:08
(epstopdf)                    size: 6482 bytes
(epstopdf)             Output file: <Output/Plots/Readinggrupos-eps-converted-to.pdf>
(epstopdf)                    date: 2020-01-26 16:21:49
(epstopdf)                    size: 11140 bytes
(epstopdf)             Command: <repstopdf --outfile=Output/Plots/Readinggrupos-eps-converted-to.pdf Output/Plots/Readinggrupos.eps>
(epstopdf)             \includegraphics on input line 78.
Package epstopdf Info: Output file is already uptodate.


pdfTeX warning: pdflatex (file /home/alimi/Escritorio/analisis de datos/proyecto 1/Output/Plots/Readinggrupos-eps-converted-to.pdf): PDF inclusion: found PDF version <1.7>, but at most version <1.5> allowed
<Output/Plots/Readinggrupos-eps-converted-to.pdf, id=33, 479.7925pt x 288.07625pt>
File: Output/Plots/Readinggrupos-eps-converted-to.pdf Graphic file (type pdf)
 <use Output/Plots/Readinggrupos-eps-converted-to.pdf>
Package pdftex.def Info: Output/Plots/Readinggrupos-eps-converted-to.pdf used on input line 78.
(pdftex.def)             Requested size: 383.8345pt x 230.4613pt.
Package epstopdf Info: Source file: <Output/Plots/MahalanobisA1.eps>
(epstopdf)                    date: 2020-01-28 21:08:27
(epstopdf)                    size: 7224 bytes
(epstopdf)             Output file: <Output/Plots/MahalanobisA1-eps-converted-to.pdf>
(epstopdf)                    date: 2020-01-28 21:31:59
(epstopdf)                    size: 11695 bytes
(epstopdf)             Command: <repstopdf --outfile=Output/Plots/MahalanobisA1-eps-converted-to.pdf Output/Plots/MahalanobisA1.eps>
(epstopdf)             \includegraphics on input line 90.
Package epstopdf Info: Output file is already uptodate.


pdfTeX warning: pdflatex (file /home/alimi/Escritorio/analisis de datos/proyecto 1/Output/Plots/MahalanobisA1-eps-converted-to.pdf): PDF inclusion: found PDF version <1.7>, but at most version <1.5> allowed
<Output/Plots/MahalanobisA1-eps-converted-to.pdf, id=34, 376.40625pt x 317.185pt>
File: Output/Plots/MahalanobisA1-eps-converted-to.pdf Graphic file (type pdf)
 <use Output/Plots/MahalanobisA1-eps-converted-to.pdf>
Package pdftex.def Info: Output/Plots/MahalanobisA1-eps-converted-to.pdf used on input line 90.
(pdftex.def)             Requested size: 150.55983pt x 126.87173pt.
Package epstopdf Info: Source file: <Output/Plots/MahalanobisA2.eps>
(epstopdf)                    date: 2020-01-28 21:11:13
(epstopdf)                    size: 5815 bytes
(epstopdf)             Output file: <Output/Plots/MahalanobisA2-eps-converted-to.pdf>
(epstopdf)                    date: 2020-01-28 21:32:00
(epstopdf)                    size: 12348 bytes
(epstopdf)             Command: <repstopdf --outfile=Output/Plots/MahalanobisA2-eps-converted-to.pdf Output/Plots/MahalanobisA2.eps>
(epstopdf)             \includegraphics on input line 97.
Package epstopdf Info: Output file is already uptodate.


pdfTeX warning: pdflatex (file /home/alimi/Escritorio/analisis de datos/proyecto 1/Output/Plots/MahalanobisA2-eps-converted-to.pdf): PDF inclusion: found PDF version <1.7>, but at most version <1.5> allowed
<Output/Plots/MahalanobisA2-eps-converted-to.pdf, id=35, 534.99875pt x 451.6875pt>
File: Output/Plots/MahalanobisA2-eps-converted-to.pdf Graphic file (type pdf)
 <use Output/Plots/MahalanobisA2-eps-converted-to.pdf>
Package pdftex.def Info: Output/Plots/MahalanobisA2-eps-converted-to.pdf used on input line 97.
(pdftex.def)             Requested size: 213.9957pt x 180.67178pt.
Package epstopdf Info: Source file: <Output/Plots/MahalanobisE1.eps>
(epstopdf)                    date: 2020-01-28 21:13:14
(epstopdf)                    size: 8836 bytes
(epstopdf)             Output file: <Output/Plots/MahalanobisE1-eps-converted-to.pdf>
(epstopdf)                    date: 2020-01-28 21:35:27
(epstopdf)                    size: 11857 bytes
(epstopdf)             Command: <repstopdf --outfile=Output/Plots/MahalanobisE1-eps-converted-to.pdf Output/Plots/MahalanobisE1.eps>
(epstopdf)             \includegraphics on input line 105.
Package epstopdf Info: Output file is already uptodate.


pdfTeX warning: pdflatex (file /home/alimi/Escritorio/analisis de datos/proyecto 1/Output/Plots/MahalanobisE1-eps-converted-to.pdf): PDF inclusion: found PDF version <1.7>, but at most version <1.5> allowed
<Output/Plots/MahalanobisE1-eps-converted-to.pdf, id=36, 414.54875pt x 348.30125pt>
File: Output/Plots/MahalanobisE1-eps-converted-to.pdf Graphic file (type pdf)
 <use Output/Plots/MahalanobisE1-eps-converted-to.pdf>
Package pdftex.def Info: Output/Plots/MahalanobisE1-eps-converted-to.pdf used on input line 105.
(pdftex.def)             Requested size: 165.81656pt x 139.31802pt.
Package epstopdf Info: Source file: <Output/Plots/MahalanobisE2.eps>
(epstopdf)                    date: 2020-01-28 21:13:32
(epstopdf)                    size: 6059 bytes
(epstopdf)             Output file: <Output/Plots/MahalanobisE2-eps-converted-to.pdf>
(epstopdf)                    date: 2020-01-28 21:35:28
(epstopdf)                    size: 12541 bytes
(epstopdf)             Command: <repstopdf --outfile=Output/Plots/MahalanobisE2-eps-converted-to.pdf Output/Plots/MahalanobisE2.eps>
(epstopdf)             \includegraphics on input line 112.
Package epstopdf Info: Output file is already uptodate.


pdfTeX warning: pdflatex (file /home/alimi/Escritorio/analisis de datos/proyecto 1/Output/Plots/MahalanobisE2-eps-converted-to.pdf): PDF inclusion: found PDF version <1.7>, but at most version <1.5> allowed
<Output/Plots/MahalanobisE2-eps-converted-to.pdf, id=37, 579.16376pt x 488.82625pt>
File: Output/Plots/MahalanobisE2-eps-converted-to.pdf Graphic file (type pdf)
 <use Output/Plots/MahalanobisE2-eps-converted-to.pdf>
Package pdftex.def Info: Output/Plots/MahalanobisE2-eps-converted-to.pdf used on input line 112.
(pdftex.def)             Requested size: 231.66139pt x 195.52702pt.

Overfull \hbox (13.99928pt too wide) in paragraph at lines 112--114
[][]
 []

[2 </home/alimi/Escritorio/analisis de datos/proyecto 1/Output/Plots/Writtinggrupos-eps-converted-to.pdf> </home/alimi/Escritorio/analisis de datos/proyecto 1/Output/Plots/Readinggrupos-eps-converted-to.pdf> </home/alimi/Escritorio/analisis de datos/proyecto 1/Output/Plots/MahalanobisA1-eps-converted-to.pdf> </home/alimi/Escritorio/analisis de datos/proyecto 1/Output/Plots/MahalanobisA2-eps-converted-to.pdf>]
Package epstopdf Info: Source file: <Output/Plots/qqA.eps>
(epstopdf)                    date: 2020-01-28 21:18:36
(epstopdf)                    size: 13138 bytes
(epstopdf)             Output file: <Output/Plots/qqA-eps-converted-to.pdf>
(epstopdf)                    date: 2020-01-28 21:24:27
(epstopdf)                    size: 27234 bytes
(epstopdf)             Command: <repstopdf --outfile=Output/Plots/qqA-eps-converted-to.pdf Output/Plots/qqA.eps>
(epstopdf)             \includegraphics on input line 128.
Package epstopdf Info: Output file is already uptodate.


pdfTeX warning: pdflatex (file /home/alimi/Escritorio/analisis de datos/proyecto 1/Output/Plots/qqA-eps-converted-to.pdf): PDF inclusion: found PDF version <1.7>, but at most version <1.5> allowed
<Output/Plots/qqA-eps-converted-to.pdf, id=81, 339.2675pt x 488.82625pt>
File: Output/Plots/qqA-eps-converted-to.pdf Graphic file (type pdf)
 <use Output/Plots/qqA-eps-converted-to.pdf>
Package pdftex.def Info: Output/Plots/qqA-eps-converted-to.pdf used on input line 128.
(pdftex.def)             Requested size: 135.70459pt x 195.52702pt.
Package epstopdf Info: Source file: <Output/Plots/qqE.eps>
(epstopdf)                    date: 2020-01-28 21:19:01
(epstopdf)                    size: 16747 bytes
(epstopdf)             Output file: <Output/Plots/qqE-eps-converted-to.pdf>
(epstopdf)                    date: 2020-01-28 21:24:28
(epstopdf)                    size: 35613 bytes
(epstopdf)             Command: <repstopdf --outfile=Output/Plots/qqE-eps-converted-to.pdf Output/Plots/qqE.eps>
(epstopdf)             \includegraphics on input line 135.
Package epstopdf Info: Output file is already uptodate.


pdfTeX warning: pdflatex (file /home/alimi/Escritorio/analisis de datos/proyecto 1/Output/Plots/qqE-eps-converted-to.pdf): PDF inclusion: found PDF version <1.7>, but at most version <1.5> allowed
<Output/Plots/qqE-eps-converted-to.pdf, id=82, 301.125pt x 488.82625pt>
File: Output/Plots/qqE-eps-converted-to.pdf Graphic file (type pdf)
 <use Output/Plots/qqE-eps-converted-to.pdf>
Package pdftex.def Info: Output/Plots/qqE-eps-converted-to.pdf used on input line 135.
(pdftex.def)             Requested size: 120.44786pt x 195.52702pt.
Package epstopdf Info: Source file: <Output/Plots/5CorrgrupoA.eps>
(epstopdf)                    date: 2020-01-26 18:07:45
(epstopdf)                    size: 18067 bytes
(epstopdf)             Output file: <Output/Plots/5CorrgrupoA-eps-converted-to.pdf>
(epstopdf)                    date: 2020-01-26 18:24:41
(epstopdf)                    size: 28286 bytes
(epstopdf)             Command: <repstopdf --outfile=Output/Plots/5CorrgrupoA-eps-converted-to.pdf Output/Plots/5CorrgrupoA.eps>
(epstopdf)             \includegraphics on input line 147.
Package epstopdf Info: Output file is already uptodate.


pdfTeX warning: pdflatex (file /home/alimi/Escritorio/analisis de datos/proyecto 1/Output/Plots/5CorrgrupoA-eps-converted-to.pdf): PDF inclusion: found PDF version <1.7>, but at most version <1.5> allowed
<Output/Plots/5CorrgrupoA-eps-converted-to.pdf, id=83, 479.7925pt x 288.07625pt>
File: Output/Plots/5CorrgrupoA-eps-converted-to.pdf Graphic file (type pdf)
 <use Output/Plots/5CorrgrupoA-eps-converted-to.pdf>
Package pdftex.def Info: Output/Plots/5CorrgrupoA-eps-converted-to.pdf used on input line 147.
(pdftex.def)             Requested size: 227.62204pt x 136.6706pt.

Overfull \hbox (9.95993pt too wide) in paragraph at lines 147--149
[][]
 []

Package epstopdf Info: Source file: <Output/Plots/6CorrelaciongrupoE.eps>
(epstopdf)                    date: 2020-01-26 18:09:14
(epstopdf)                    size: 22593 bytes
(epstopdf)             Output file: <Output/Plots/6CorrelaciongrupoE-eps-converted-to.pdf>
(epstopdf)                    date: 2020-01-26 18:24:41
(epstopdf)                    size: 36585 bytes
(epstopdf)             Command: <repstopdf --outfile=Output/Plots/6CorrelaciongrupoE-eps-converted-to.pdf Output/Plots/6CorrelaciongrupoE.eps>
(epstopdf)             \includegraphics on input line 154.
Package epstopdf Info: Output file is already uptodate.


pdfTeX warning: pdflatex (file /home/alimi/Escritorio/analisis de datos/proyecto 1/Output/Plots/6CorrelaciongrupoE-eps-converted-to.pdf): PDF inclusion: found PDF version <1.7>, but at most version <1.5> allowed
<Output/Plots/6CorrelaciongrupoE-eps-converted-to.pdf, id=84, 479.7925pt x 288.07625pt>
File: Output/Plots/6CorrelaciongrupoE-eps-converted-to.pdf Graphic file (type pdf)
 <use Output/Plots/6CorrelaciongrupoE-eps-converted-to.pdf>
Package pdftex.def Info: Output/Plots/6CorrelaciongrupoE-eps-converted-to.pdf used on input line 154.
(pdftex.def)             Requested size: 227.62204pt x 136.6706pt.

Overfull \hbox (9.95993pt too wide) in paragraph at lines 154--156
[][]
 []

[3 </home/alimi/Escritorio/analisis de datos/proyecto 1/Output/Plots/MahalanobisE1-eps-converted-to.pdf> </home/alimi/Escritorio/analisis de datos/proyecto 1/Output/Plots/MahalanobisE2-eps-converted-to.pdf> </home/alimi/Escritorio/analisis de datos/proyecto 1/Output/Plots/qqA-eps-converted-to.pdf> </home/alimi/Escritorio/analisis de datos/proyecto 1/Output/Plots/qqE-eps-converted-to.pdf> </home/alimi/Escritorio/analisis de datos/proyecto 1/Output/Plots/5CorrgrupoA-eps-converted-to.pdf> </home/alimi/Escritorio/analisis de datos/proyecto 1/Output/Plots/6CorrelaciongrupoE-eps-converted-to.pdf>]
Underfull \hbox (badness 10000) in paragraph at lines 161--165

 []

Package epstopdf Info: Source file: <Output/Plots/7DesempenogrupoACurso.eps>
(epstopdf)                    date: 2020-01-26 20:40:36
(epstopdf)                    size: 8664 bytes
(epstopdf)             Output file: <Output/Plots/7DesempenogrupoACurso-eps-converted-to.pdf>
(epstopdf)                    date: 2020-01-26 20:40:42
(epstopdf)                    size: 12491 bytes
(epstopdf)             Command: <repstopdf --outfile=Output/Plots/7DesempenogrupoACurso-eps-converted-to.pdf Output/Plots/7DesempenogrupoACurso.eps>
(epstopdf)             \includegraphics on input line 176.
Package epstopdf Info: Output file is already uptodate.


pdfTeX warning: pdflatex (file /home/alimi/Escritorio/analisis de datos/proyecto 1/Output/Plots/7DesempenogrupoACurso-eps-converted-to.pdf): PDF inclusion: found PDF version <1.7>, but at most version <1.5> allowed
<Output/Plots/7DesempenogrupoACurso-eps-converted-to.pdf, id=144, 488.82625pt x 288.07625pt>
File: Output/Plots/7DesempenogrupoACurso-eps-converted-to.pdf Graphic file (type pdf)
 <use Output/Plots/7DesempenogrupoACurso-eps-converted-to.pdf>
Package pdftex.def Info: Output/Plots/7DesempenogrupoACurso-eps-converted-to.pdf used on input line 176.
(pdftex.def)             Requested size: 227.62257pt x 142.2663pt.

Overfull \hbox (9.96046pt too wide) in paragraph at lines 176--178
[][]
 []

Package epstopdf Info: Source file: <Output/Plots/8DesempenogrupoECurso.eps>
(epstopdf)                    date: 2020-01-26 20:39:37
(epstopdf)                    size: 8613 bytes
(epstopdf)             Output file: <Output/Plots/8DesempenogrupoECurso-eps-converted-to.pdf>
(epstopdf)                    date: 2020-01-26 20:39:42
(epstopdf)                    size: 12438 bytes
(epstopdf)             Command: <repstopdf --outfile=Output/Plots/8DesempenogrupoECurso-eps-converted-to.pdf Output/Plots/8DesempenogrupoECurso.eps>
(epstopdf)             \includegraphics on input line 183.
Package epstopdf Info: Output file is already uptodate.


pdfTeX warning: pdflatex (file /home/alimi/Escritorio/analisis de datos/proyecto 1/Output/Plots/8DesempenogrupoECurso-eps-converted-to.pdf): PDF inclusion: found PDF version <1.7>, but at most version <1.5> allowed
<Output/Plots/8DesempenogrupoECurso-eps-converted-to.pdf, id=145, 488.82625pt x 288.07625pt>
File: Output/Plots/8DesempenogrupoECurso-eps-converted-to.pdf Graphic file (type pdf)
 <use Output/Plots/8DesempenogrupoECurso-eps-converted-to.pdf>
Package pdftex.def Info: Output/Plots/8DesempenogrupoECurso-eps-converted-to.pdf used on input line 183.
(pdftex.def)             Requested size: 227.62257pt x 142.2663pt.

Overfull \hbox (9.96046pt too wide) in paragraph at lines 183--185
[][]
 []

Package epstopdf Info: Source file: <Output/Plots/figura9.eps>
(epstopdf)                    date: 2020-01-26 20:45:29
(epstopdf)                    size: 4252 bytes
(epstopdf)             Output file: <Output/Plots/figura9-eps-converted-to.pdf>
(epstopdf)                    date: 2020-01-26 21:01:23
(epstopdf)                    size: 12029 bytes
(epstopdf)             Command: <repstopdf --outfile=Output/Plots/figura9-eps-converted-to.pdf Output/Plots/figura9.eps>
(epstopdf)             \includegraphics on input line 193.
Package epstopdf Info: Output file is already uptodate.


pdfTeX warning: pdflatex (file /home/alimi/Escritorio/analisis de datos/proyecto 1/Output/Plots/figura9-eps-converted-to.pdf): PDF inclusion: found PDF version <1.7>, but at most version <1.5> allowed
<Output/Plots/figura9-eps-converted-to.pdf, id=146, 341.275pt x 288.07625pt>
File: Output/Plots/figura9-eps-converted-to.pdf Graphic file (type pdf)
 <use Output/Plots/figura9-eps-converted-to.pdf>
Package pdftex.def Info: Output/Plots/figura9-eps-converted-to.pdf used on input line 193.
(pdftex.def)             Requested size: 227.62204pt x 192.14412pt.

Overfull \hbox (9.95993pt too wide) in paragraph at lines 193--195
[][]
 []

Package epstopdf Info: Source file: <Output/Plots/figura10.eps>
(epstopdf)                    date: 2020-01-26 21:06:25
(epstopdf)                    size: 4197 bytes
(epstopdf)             Output file: <Output/Plots/figura10-eps-converted-to.pdf>
(epstopdf)                    date: 2020-01-26 21:06:34
(epstopdf)                    size: 12037 bytes
(epstopdf)             Command: <repstopdf --outfile=Output/Plots/figura10-eps-converted-to.pdf Output/Plots/figura10.eps>
(epstopdf)             \includegraphics on input line 200.
Package epstopdf Info: Output file is already uptodate.


pdfTeX warning: pdflatex (file /home/alimi/Escritorio/analisis de datos/proyecto 1/Output/Plots/figura10-eps-converted-to.pdf): PDF inclusion: found PDF version <1.7>, but at most version <1.5> allowed
<Output/Plots/figura10-eps-converted-to.pdf, id=147, 341.275pt x 288.07625pt>
File: Output/Plots/figura10-eps-converted-to.pdf Graphic file (type pdf)
 <use Output/Plots/figura10-eps-converted-to.pdf>
Package pdftex.def Info: Output/Plots/figura10-eps-converted-to.pdf used on input line 200.
(pdftex.def)             Requested size: 227.62204pt x 192.14412pt.

Overfull \hbox (9.95993pt too wide) in paragraph at lines 200--202
[][]
 []

Package epstopdf Info: Source file: <Output/Plots/figura11.eps>
(epstopdf)                    date: 2020-01-26 22:11:11
(epstopdf)                    size: 8676 bytes
(epstopdf)             Output file: <Output/Plots/figura11-eps-converted-to.pdf>
(epstopdf)                    date: 2020-01-26 22:11:43
(epstopdf)                    size: 11831 bytes
(epstopdf)             Command: <repstopdf --outfile=Output/Plots/figura11-eps-converted-to.pdf Output/Plots/figura11.eps>
(epstopdf)             \includegraphics on input line 219.
Package epstopdf Info: Output file is already uptodate.


pdfTeX warning: pdflatex (file /home/alimi/Escritorio/analisis de datos/proyecto 1/Output/Plots/figura11-eps-converted-to.pdf): PDF inclusion: found PDF version <1.7>, but at most version <1.5> allowed
<Output/Plots/figura11-eps-converted-to.pdf, id=148, 341.275pt x 288.07625pt>
File: Output/Plots/figura11-eps-converted-to.pdf Graphic file (type pdf)
 <use Output/Plots/figura11-eps-converted-to.pdf>
Package pdftex.def Info: Output/Plots/figura11-eps-converted-to.pdf used on input line 219.
(pdftex.def)             Requested size: 227.62718pt x 142.2663pt.

Overfull \hbox (9.96507pt too wide) in paragraph at lines 219--221
[][]
 []

Package epstopdf Info: Source file: <Output/Plots/figura12.eps>
(epstopdf)                    date: 2020-01-27 20:34:13
(epstopdf)                    size: 8634 bytes
(epstopdf)             Output file: <Output/Plots/figura12-eps-converted-to.pdf>
(epstopdf)                    date: 2020-01-27 20:34:24
(epstopdf)                    size: 12045 bytes
(epstopdf)             Command: <repstopdf --outfile=Output/Plots/figura12-eps-converted-to.pdf Output/Plots/figura12.eps>
(epstopdf)             \includegraphics on input line 226.
Package epstopdf Info: Output file is already uptodate.


pdfTeX warning: pdflatex (file /home/alimi/Escritorio/analisis de datos/proyecto 1/Output/Plots/figura12-eps-converted-to.pdf): PDF inclusion: found PDF version <1.7>, but at most version <1.5> allowed
<Output/Plots/figura12-eps-converted-to.pdf, id=149, 341.275pt x 288.07625pt>
File: Output/Plots/figura12-eps-converted-to.pdf Graphic file (type pdf)
 <use Output/Plots/figura12-eps-converted-to.pdf>
Package pdftex.def Info: Output/Plots/figura12-eps-converted-to.pdf used on input line 226.
(pdftex.def)             Requested size: 227.62718pt x 142.2663pt.

Overfull \hbox (9.96507pt too wide) in paragraph at lines 226--228
[][]
 []

[4 </home/alimi/Escritorio/analisis de datos/proyecto 1/Output/Plots/7DesempenogrupoACurso-eps-converted-to.pdf> </home/alimi/Escritorio/analisis de datos/proyecto 1/Output/Plots/8DesempenogrupoECurso-eps-converted-to.pdf> </home/alimi/Escritorio/analisis de datos/proyecto 1/Output/Plots/figura9-eps-converted-to.pdf> </home/alimi/Escritorio/analisis de datos/proyecto 1/Output/Plots/figura10-eps-converted-to.pdf>]
Package epstopdf Info: Source file: <Output/Plots/figura13.eps>
(epstopdf)                    date: 2020-01-26 22:21:15
(epstopdf)                    size: 4240 bytes
(epstopdf)             Output file: <Output/Plots/figura13-eps-converted-to.pdf>
(epstopdf)                    date: 2020-01-26 22:22:15
(epstopdf)                    size: 11727 bytes
(epstopdf)             Command: <repstopdf --outfile=Output/Plots/figura13-eps-converted-to.pdf Output/Plots/figura13.eps>
(epstopdf)             \includegraphics on input line 236.
Package epstopdf Info: Output file is already uptodate.


pdfTeX warning: pdflatex (file /home/alimi/Escritorio/analisis de datos/proyecto 1/Output/Plots/figura13-eps-converted-to.pdf): PDF inclusion: found PDF version <1.7>, but at most version <1.5> allowed
<Output/Plots/figura13-eps-converted-to.pdf, id=194, 272.01625pt x 377.41pt>
File: Output/Plots/figura13-eps-converted-to.pdf Graphic file (type pdf)
 <use Output/Plots/figura13-eps-converted-to.pdf>
Package pdftex.def Info: Output/Plots/figura13-eps-converted-to.pdf used on input line 236.
(pdftex.def)             Requested size: 227.6329pt x 256.07103pt.

Overfull \hbox (9.9708pt too wide) in paragraph at lines 236--238
[][]
 []

Package epstopdf Info: Source file: <Output/Plots/figura14.eps>
(epstopdf)                    date: 2020-01-26 22:21:50
(epstopdf)                    size: 4183 bytes
(epstopdf)             Output file: <Output/Plots/figura14-eps-converted-to.pdf>
(epstopdf)                    date: 2020-01-26 22:22:15
(epstopdf)                    size: 11756 bytes
(epstopdf)             Command: <repstopdf --outfile=Output/Plots/figura14-eps-converted-to.pdf Output/Plots/figura14.eps>
(epstopdf)             \includegraphics on input line 243.
Package epstopdf Info: Output file is already uptodate.


pdfTeX warning: pdflatex (file /home/alimi/Escritorio/analisis de datos/proyecto 1/Output/Plots/figura14-eps-converted-to.pdf): PDF inclusion: found PDF version <1.7>, but at most version <1.5> allowed
<Output/Plots/figura14-eps-converted-to.pdf, id=195, 272.01625pt x 377.41pt>
File: Output/Plots/figura14-eps-converted-to.pdf Graphic file (type pdf)
 <use Output/Plots/figura14-eps-converted-to.pdf>
Package pdftex.def Info: Output/Plots/figura14-eps-converted-to.pdf used on input line 243.
(pdftex.def)             Requested size: 227.6329pt x 256.07103pt.

Overfull \hbox (9.9708pt too wide) in paragraph at lines 243--245
[][]
 []

Package epstopdf Info: Source file: <Output/Plots/figure15.eps>
(epstopdf)                    date: 2020-01-27 21:20:57
(epstopdf)                    size: 14129 bytes
(epstopdf)             Output file: <Output/Plots/figure15-eps-converted-to.pdf>
(epstopdf)                    date: 2020-01-27 21:21:03
(epstopdf)                    size: 13631 bytes
(epstopdf)             Command: <repstopdf --outfile=Output/Plots/figure15-eps-converted-to.pdf Output/Plots/figure15.eps>
(epstopdf)             \includegraphics on input line 260.
Package epstopdf Info: Output file is already uptodate.


pdfTeX warning: pdflatex (file /home/alimi/Escritorio/analisis de datos/proyecto 1/Output/Plots/figure15-eps-converted-to.pdf): PDF inclusion: found PDF version <1.7>, but at most version <1.5> allowed
<Output/Plots/figure15-eps-converted-to.pdf, id=196, 1182.4175pt x 376.40625pt>
File: Output/Plots/figure15-eps-converted-to.pdf Graphic file (type pdf)
 <use Output/Plots/figure15-eps-converted-to.pdf>
Package pdftex.def Info: Output/Plots/figure15-eps-converted-to.pdf used on input line 260.
(pdftex.def)             Requested size: 483.69374pt x 170.71947pt.
Package epstopdf Info: Source file: <Output/Plots/figure16.eps>
(epstopdf)                    date: 2020-01-27 21:26:24
(epstopdf)                    size: 14383 bytes
(epstopdf)             Output file: <Output/Plots/figure16-eps-converted-to.pdf>
(epstopdf)                    date: 2020-01-27 21:26:55
(epstopdf)                    size: 13825 bytes
(epstopdf)             Command: <repstopdf --outfile=Output/Plots/figure16-eps-converted-to.pdf Output/Plots/figure16.eps>
(epstopdf)             \includegraphics on input line 267.
Package epstopdf Info: Output file is already uptodate.


pdfTeX warning: pdflatex (file /home/alimi/Escritorio/analisis de datos/proyecto 1/Output/Plots/figure16-eps-converted-to.pdf): PDF inclusion: found PDF version <1.7>, but at most version <1.5> allowed
<Output/Plots/figure16-eps-converted-to.pdf, id=197, 903.375pt x 760.8425pt>
File: Output/Plots/figure16-eps-converted-to.pdf Graphic file (type pdf)
 <use Output/Plots/figure16-eps-converted-to.pdf>
Package pdftex.def Info: Output/Plots/figure16-eps-converted-to.pdf used on input line 267.
(pdftex.def)             Requested size: 483.7075pt x 170.71779pt.
 [5 </home/alimi/Escritorio/analisis de datos/proyecto 1/Output/Plots/figura11-eps-converted-to.pdf> </home/alimi/Escritorio/analisis de datos/proyecto 1/Output/Plots/figura12-eps-converted-to.pdf> </home/alimi/Escritorio/analisis de datos/proyecto 1/Output/Plots/figura13-eps-converted-to.pdf> </home/alimi/Escritorio/analisis de datos/proyecto 1/Output/Plots/figura14-eps-converted-to.pdf> </home/alimi/Escritorio/analisis de datos/proyecto 1/Output/Plots/figure15-eps-converted-to.pdf>]
Package epstopdf Info: Source file: <Output/Plots/figure17.eps>
(epstopdf)                    date: 2020-01-27 21:51:48
(epstopdf)                    size: 4464 bytes
(epstopdf)             Output file: <Output/Plots/figure17-eps-converted-to.pdf>
(epstopdf)                    date: 2020-01-27 21:52:23
(epstopdf)                    size: 11905 bytes
(epstopdf)             Command: <repstopdf --outfile=Output/Plots/figure17-eps-converted-to.pdf Output/Plots/figure17.eps>
(epstopdf)             \includegraphics on input line 276.
Package epstopdf Info: Output file is already uptodate.


pdfTeX warning: pdflatex (file /home/alimi/Escritorio/analisis de datos/proyecto 1/Output/Plots/figure17-eps-converted-to.pdf): PDF inclusion: found PDF version <1.7>, but at most version <1.5> allowed
<Output/Plots/figure17-eps-converted-to.pdf, id=252, 602.25pt x 339.2675pt>
File: Output/Plots/figure17-eps-converted-to.pdf Graphic file (type pdf)
 <use Output/Plots/figure17-eps-converted-to.pdf>
Package pdftex.def Info: Output/Plots/figure17-eps-converted-to.pdf used on input line 276.
(pdftex.def)             Requested size: 227.62596pt x 142.2636pt.

Overfull \hbox (9.96385pt too wide) in paragraph at lines 276--278
[][]
 []

Package epstopdf Info: Source file: <Output/Plots/figure18.eps>
(epstopdf)                    date: 2020-01-27 21:52:17
(epstopdf)                    size: 4407 bytes
(epstopdf)             Output file: <Output/Plots/figure18-eps-converted-to.pdf>
(epstopdf)                    date: 2020-01-27 21:52:24
(epstopdf)                    size: 11949 bytes
(epstopdf)             Command: <repstopdf --outfile=Output/Plots/figure18-eps-converted-to.pdf Output/Plots/figure18.eps>
(epstopdf)             \includegraphics on input line 283.
Package epstopdf Info: Output file is already uptodate.


pdfTeX warning: pdflatex (file /home/alimi/Escritorio/analisis de datos/proyecto 1/Output/Plots/figure18-eps-converted-to.pdf): PDF inclusion: found PDF version <1.7>, but at most version <1.5> allowed
<Output/Plots/figure18-eps-converted-to.pdf, id=253, 577.15625pt x 339.2675pt>
File: Output/Plots/figure18-eps-converted-to.pdf Graphic file (type pdf)
 <use Output/Plots/figure18-eps-converted-to.pdf>
Package pdftex.def Info: Output/Plots/figure18-eps-converted-to.pdf used on input line 283.
(pdftex.def)             Requested size: 227.62634pt x 142.2636pt.

Overfull \hbox (9.96423pt too wide) in paragraph at lines 283--285
[][]
 []

Package epstopdf Info: Source file: <Output/Plots/figure19.eps>
(epstopdf)                    date: 2020-01-27 22:27:00
(epstopdf)                    size: 8716 bytes
(epstopdf)             Output file: <Output/Plots/figure19-eps-converted-to.pdf>
(epstopdf)                    date: 2020-01-27 22:28:12
(epstopdf)                    size: 11560 bytes
(epstopdf)             Command: <repstopdf --outfile=Output/Plots/figure19-eps-converted-to.pdf Output/Plots/figure19.eps>
(epstopdf)             \includegraphics on input line 301.
Package epstopdf Info: Output file is already uptodate.


pdfTeX warning: pdflatex (file /home/alimi/Escritorio/analisis de datos/proyecto 1/Output/Plots/figure19-eps-converted-to.pdf): PDF inclusion: found PDF version <1.7>, but at most version <1.5> allowed
<Output/Plots/figure19-eps-converted-to.pdf, id=254, 373.395pt x 288.07625pt>
File: Output/Plots/figure19-eps-converted-to.pdf Graphic file (type pdf)
 <use Output/Plots/figure19-eps-converted-to.pdf>
Package pdftex.def Info: Output/Plots/figure19-eps-converted-to.pdf used on input line 301.
(pdftex.def)             Requested size: 227.62248pt x 142.2663pt.

Overfull \hbox (9.96037pt too wide) in paragraph at lines 301--303
[][]
 []

Package epstopdf Info: Source file: <Output/Plots/figure20.eps>
(epstopdf)                    date: 2020-01-27 22:27:21
(epstopdf)                    size: 8880 bytes
(epstopdf)             Output file: <Output/Plots/figure20-eps-converted-to.pdf>
(epstopdf)                    date: 2020-01-27 22:28:13
(epstopdf)                    size: 11760 bytes
(epstopdf)             Command: <repstopdf --outfile=Output/Plots/figure20-eps-converted-to.pdf Output/Plots/figure20.eps>
(epstopdf)             \includegraphics on input line 308.
Package epstopdf Info: Output file is already uptodate.


pdfTeX warning: pdflatex (file /home/alimi/Escritorio/analisis de datos/proyecto 1/Output/Plots/figure20-eps-converted-to.pdf): PDF inclusion: found PDF version <1.7>, but at most version <1.5> allowed
<Output/Plots/figure20-eps-converted-to.pdf, id=255, 373.395pt x 288.07625pt>
File: Output/Plots/figure20-eps-converted-to.pdf Graphic file (type pdf)
 <use Output/Plots/figure20-eps-converted-to.pdf>
Package pdftex.def Info: Output/Plots/figure20-eps-converted-to.pdf used on input line 308.
(pdftex.def)             Requested size: 227.62248pt x 142.2663pt.

Overfull \hbox (9.96037pt too wide) in paragraph at lines 308--310
[][]
 []

Package epstopdf Info: Source file: <Output/Plots/figure21.eps>
(epstopdf)                    date: 2020-01-27 22:33:47
(epstopdf)                    size: 4259 bytes
(epstopdf)             Output file: <Output/Plots/figure21-eps-converted-to.pdf>
(epstopdf)                    date: 2020-01-27 22:34:19
(epstopdf)                    size: 11374 bytes
(epstopdf)             Command: <repstopdf --outfile=Output/Plots/figure21-eps-converted-to.pdf Output/Plots/figure21.eps>
(epstopdf)             \includegraphics on input line 318.
Package epstopdf Info: Output file is already uptodate.


pdfTeX warning: pdflatex (file /home/alimi/Escritorio/analisis de datos/proyecto 1/Output/Plots/figure21-eps-converted-to.pdf): PDF inclusion: found PDF version <1.7>, but at most version <1.5> allowed
<Output/Plots/figure21-eps-converted-to.pdf, id=256, 262.9825pt x 367.3725pt>
File: Output/Plots/figure21-eps-converted-to.pdf Graphic file (type pdf)
 <use Output/Plots/figure21-eps-converted-to.pdf>
Package pdftex.def Info: Output/Plots/figure21-eps-converted-to.pdf used on input line 318.
(pdftex.def)             Requested size: 210.38626pt x 293.89838pt.
Package epstopdf Info: Source file: <Output/Plots/figure22.eps>
(epstopdf)                    date: 2020-01-27 22:34:12
(epstopdf)                    size: 4371 bytes
(epstopdf)             Output file: <Output/Plots/figure22-eps-converted-to.pdf>
(epstopdf)                    date: 2020-01-27 22:34:19
(epstopdf)                    size: 11426 bytes
(epstopdf)             Command: <repstopdf --outfile=Output/Plots/figure22-eps-converted-to.pdf Output/Plots/figure22.eps>
(epstopdf)             \includegraphics on input line 325.
Package epstopdf Info: Output file is already uptodate.


pdfTeX warning: pdflatex (file /home/alimi/Escritorio/analisis de datos/proyecto 1/Output/Plots/figure22-eps-converted-to.pdf): PDF inclusion: found PDF version <1.7>, but at most version <1.5> allowed
<Output/Plots/figure22-eps-converted-to.pdf, id=257, 262.9825pt x 367.3725pt>
File: Output/Plots/figure22-eps-converted-to.pdf Graphic file (type pdf)
 <use Output/Plots/figure22-eps-converted-to.pdf>
Package pdftex.def Info: Output/Plots/figure22-eps-converted-to.pdf used on input line 325.
(pdftex.def)             Requested size: 210.38626pt x 293.89838pt.
 [6 </home/alimi/Escritorio/analisis de datos/proyecto 1/Output/Plots/figure16-eps-converted-to.pdf> </home/alimi/Escritorio/analisis de datos/proyecto 1/Output/Plots/figure17-eps-converted-to.pdf> </home/alimi/Escritorio/analisis de datos/proyecto 1/Output/Plots/figure18-eps-converted-to.pdf> </home/alimi/Escritorio/analisis de datos/proyecto 1/Output/Plots/figure19-eps-converted-to.pdf> </home/alimi/Escritorio/analisis de datos/proyecto 1/Output/Plots/figure20-eps-converted-to.pdf>]
Underfull \hbox (badness 10000) in paragraph at lines 336--338

 []

Package epstopdf Info: Source file: <Output/Plots/privilegios.eps>
(epstopdf)                    date: 2020-01-28 22:26:42
(epstopdf)                    size: 6367 bytes
(epstopdf)             Output file: <Output/Plots/privilegios-eps-converted-to.pdf>
(epstopdf)                    date: 2020-01-28 22:28:38
(epstopdf)                    size: 11797 bytes
(epstopdf)             Command: <repstopdf --outfile=Output/Plots/privilegios-eps-converted-to.pdf Output/Plots/privilegios.eps>
(epstopdf)             \includegraphics on input line 345.
Package epstopdf Info: Output file is already uptodate.


pdfTeX warning: pdflatex (file /home/alimi/Escritorio/analisis de datos/proyecto 1/Output/Plots/privilegios-eps-converted-to.pdf): PDF inclusion: found PDF version <1.7>, but at most version <1.5> allowed
<Output/Plots/privilegios-eps-converted-to.pdf, id=314, 564.1075pt x 339.2675pt>
File: Output/Plots/privilegios-eps-converted-to.pdf Graphic file (type pdf)
 <use Output/Plots/privilegios-eps-converted-to.pdf>
Package pdftex.def Info: Output/Plots/privilegios-eps-converted-to.pdf used on input line 345.
(pdftex.def)             Requested size: 394.87254pt x 237.48563pt.
Package epstopdf Info: Source file: <Output/Plots/sinprivilegio.eps>
(epstopdf)                    date: 2020-01-28 22:30:34
(epstopdf)                    size: 4182 bytes
(epstopdf)             Output file: <Output/Plots/sinprivilegio-eps-converted-to.pdf>
(epstopdf)                    date: 2020-01-28 22:30:47
(epstopdf)                    size: 10537 bytes
(epstopdf)             Command: <repstopdf --outfile=Output/Plots/sinprivilegio-eps-converted-to.pdf Output/Plots/sinprivilegio.eps>
(epstopdf)             \includegraphics on input line 356.
Package epstopdf Info: Output file is already uptodate.


pdfTeX warning: pdflatex (file /home/alimi/Escritorio/analisis de datos/proyecto 1/Output/Plots/sinprivilegio-eps-converted-to.pdf): PDF inclusion: found PDF version <1.7>, but at most version <1.5> allowed
<Output/Plots/sinprivilegio-eps-converted-to.pdf, id=315, 225.84375pt x 488.82625pt>
File: Output/Plots/sinprivilegio-eps-converted-to.pdf Graphic file (type pdf)
 <use Output/Plots/sinprivilegio-eps-converted-to.pdf>
Package pdftex.def Info: Output/Plots/sinprivilegio-eps-converted-to.pdf used on input line 356.
(pdftex.def)             Requested size: 112.92159pt x 244.41252pt.
 [7 </home/alimi/Escritorio/analisis de datos/proyecto 1/Output/Plots/figure21-eps-converted-to.pdf> </home/alimi/Escritorio/analisis de datos/proyecto 1/Output/Plots/figure22-eps-converted-to.pdf> </home/alimi/Escritorio/analisis de datos/proyecto 1/Output/Plots/privilegios-eps-converted-to.pdf>] [8 </home/alimi/Escritorio/analisis de datos/proyecto 1/Output/Plots/sinprivilegio-eps-converted-to.pdf>] (/home/alimi/Escritorio/analisis de datos/proyecto 1/proyectoI.aux)

LaTeX Warning: There were multiply-defined labels.

 ) 
Here is how much of TeX's memory you used:
 5578 strings out of 493029
 84157 string characters out of 6136234
 180536 words of memory out of 5000000
 8977 multiletter control sequences out of 15000+600000
 6675 words of font info for 29 fonts, out of 8000000 for 9000
 1141 hyphenation exceptions out of 8191
 38i,9n,40p,364b,294s stack positions out of 5000i,500n,10000p,200000b,80000s
{/usr/share/texmf/fonts/enc/dvips/cm-super/cm-super-t1.enc}</usr/share/texmf/fonts/type1/public/cm-super/sfrm1000.pfb>
Output written on "/home/alimi/Escritorio/analisis de datos/proyecto 1/proyectoI.pdf" (8 pages, 378467 bytes).
PDF statistics:
 371 PDF objects out of 1000 (max. 8388607)
 238 compressed objects within 3 object streams
 0 named destinations out of 1000 (max. 500000)
 156 words of extra memory for PDF output out of 10000 (max. 10000000)

